
 03/01/2024 10:41:30 Service Starting service
 03/01/2024 10:41:30 Bus Became bus client

 03/01/2024 10:41:30 Middleware::Response Success
 03/01/2024 10:41:30 Service Initializing modules

------------------------------------------------------------------------------
----------------------------------AutoLogOut----------------------------------
------------------------------------------------------------------------------
 03/01/2024 10:41:30 Client-Info Client Version: 0.12.0
 03/01/2024 10:41:30 Client-Info Client OS:      Windows
 03/01/2024 10:41:30 Client-Info Server Version: 1.5.9
 03/01/2024 10:41:30 Bus::Client Connection established
 03/01/2024 10:41:30 Middleware::Response Success
------------------------------------------------------------------------------


------------------------------------------------------------------------------
-----------------------------DefaultPrinterManager----------------------------
------------------------------------------------------------------------------
 03/01/2024 10:41:30 Client-Info Client Version: 0.12.0
 03/01/2024 10:41:30 Client-Info Client OS:      Windows
 03/01/2024 10:41:30 Client-Info Server Version: 1.5.9
 03/01/2024 10:41:30 Middleware::Response Success
------------------------------------------------------------------------------


------------------------------------------------------------------------------
--------------------------------DisplayManager--------------------------------
------------------------------------------------------------------------------
 03/01/2024 10:41:30 Client-Info Client Version: 0.12.0
 03/01/2024 10:41:30 Client-Info Client OS:      Windows
 03/01/2024 10:41:30 Client-Info Server Version: 1.5.9
 03/01/2024 10:41:30 Middleware::Response Success
 03/01/2024 10:41:30 DisplayManager ERROR: Invalid settings provided
------------------------------------------------------------------------------

 03/01/2024 10:41:30 Service Sleeping for 119 seconds
 03/01/2024 10:43:29 Middleware::Response Success

------------------------------------------------------------------------------
----------------------------------AutoLogOut----------------------------------
------------------------------------------------------------------------------
 03/01/2024 10:43:29 Client-Info Client Version: 0.12.0
 03/01/2024 10:43:29 Client-Info Client OS:      Windows
 03/01/2024 10:43:29 Client-Info Server Version: 1.5.9
 03/01/2024 10:43:29 Middleware::Response Success
------------------------------------------------------------------------------


------------------------------------------------------------------------------
-----------------------------DefaultPrinterManager----------------------------
------------------------------------------------------------------------------
 03/01/2024 10:43:29 Client-Info Client Version: 0.12.0
 03/01/2024 10:43:29 Client-Info Client OS:      Windows
 03/01/2024 10:43:29 Client-Info Server Version: 1.5.9
 03/01/2024 10:43:29 Middleware::Response Success
------------------------------------------------------------------------------


------------------------------------------------------------------------------
--------------------------------DisplayManager--------------------------------
------------------------------------------------------------------------------
 03/01/2024 10:43:29 Client-Info Client Version: 0.12.0
 03/01/2024 10:43:29 Client-Info Client OS:      Windows
 03/01/2024 10:43:29 Client-Info Server Version: 1.5.9
 03/01/2024 10:43:29 Middleware::Response Success
 03/01/2024 10:43:29 DisplayManager ERROR: Invalid settings provided
------------------------------------------------------------------------------

 03/01/2024 10:43:29 Service Sleeping for 99 seconds
 03/01/2024 10:45:08 Middleware::Response Success

------------------------------------------------------------------------------
----------------------------------AutoLogOut----------------------------------
------------------------------------------------------------------------------
 03/01/2024 10:45:08 Client-Info Client Version: 0.12.0
 03/01/2024 10:45:08 Client-Info Client OS:      Windows
 03/01/2024 10:45:08 Client-Info Server Version: 1.5.9
 03/01/2024 10:45:08 Middleware::Response Success
------------------------------------------------------------------------------


------------------------------------------------------------------------------
-----------------------------DefaultPrinterManager----------------------------
------------------------------------------------------------------------------
 03/01/2024 10:45:08 Client-Info Client Version: 0.12.0
 03/01/2024 10:45:08 Client-Info Client OS:      Windows
 03/01/2024 10:45:08 Client-Info Server Version: 1.5.9
 03/01/2024 10:45:08 Middleware::Response Success
------------------------------------------------------------------------------


------------------------------------------------------------------------------
--------------------------------DisplayManager--------------------------------
------------------------------------------------------------------------------
 03/01/2024 10:45:08 Client-Info Client Version: 0.12.0
 03/01/2024 10:45:08 Client-Info Client OS:      Windows
 03/01/2024 10:45:08 Client-Info Server Version: 1.5.9
 03/01/2024 10:45:08 Middleware::Response Success
 03/01/2024 10:45:08 DisplayManager ERROR: Invalid settings provided
------------------------------------------------------------------------------

 03/01/2024 10:45:08 Service Sleeping for 110 seconds
 03/01/2024 10:46:58 Middleware::Response Success

------------------------------------------------------------------------------
----------------------------------AutoLogOut----------------------------------
------------------------------------------------------------------------------
 03/01/2024 10:46:58 Client-Info Client Version: 0.12.0
 03/01/2024 10:46:58 Client-Info Client OS:      Windows
 03/01/2024 10:46:58 Client-Info Server Version: 1.5.9
 03/01/2024 10:46:58 Middleware::Response Success
------------------------------------------------------------------------------


------------------------------------------------------------------------------
-----------------------------DefaultPrinterManager----------------------------
------------------------------------------------------------------------------
 03/01/2024 10:46:58 Client-Info Client Version: 0.12.0
 03/01/2024 10:46:58 Client-Info Client OS:      Windows
 03/01/2024 10:46:58 Client-Info Server Version: 1.5.9
 03/01/2024 10:46:58 Middleware::Response Success
------------------------------------------------------------------------------


------------------------------------------------------------------------------
--------------------------------DisplayManager--------------------------------
------------------------------------------------------------------------------
 03/01/2024 10:46:58 Client-Info Client Version: 0.12.0
 03/01/2024 10:46:58 Client-Info Client OS:      Windows
 03/01/2024 10:46:58 Client-Info Server Version: 1.5.9
 03/01/2024 10:46:58 Middleware::Response Success
 03/01/2024 10:46:58 DisplayManager ERROR: Invalid settings provided
------------------------------------------------------------------------------

 03/01/2024 10:46:58 Service Sleeping for 118 seconds
 03/01/2024 10:48:56 Middleware::Response Success

------------------------------------------------------------------------------
----------------------------------AutoLogOut----------------------------------
------------------------------------------------------------------------------
 03/01/2024 10:48:56 Client-Info Client Version: 0.12.0
 03/01/2024 10:48:56 Client-Info Client OS:      Windows
 03/01/2024 10:48:56 Client-Info Server Version: 1.5.9
 03/01/2024 10:48:56 Middleware::Response Success
------------------------------------------------------------------------------


------------------------------------------------------------------------------
-----------------------------DefaultPrinterManager----------------------------
------------------------------------------------------------------------------
 03/01/2024 10:48:56 Client-Info Client Version: 0.12.0
 03/01/2024 10:48:56 Client-Info Client OS:      Windows
 03/01/2024 10:48:56 Client-Info Server Version: 1.5.9
 03/01/2024 10:48:56 Middleware::Response Success
------------------------------------------------------------------------------


------------------------------------------------------------------------------
--------------------------------DisplayManager--------------------------------
------------------------------------------------------------------------------
 03/01/2024 10:48:56 Client-Info Client Version: 0.12.0
 03/01/2024 10:48:56 Client-Info Client OS:      Windows
 03/01/2024 10:48:56 Client-Info Server Version: 1.5.9
 03/01/2024 10:48:56 Middleware::Response Success
 03/01/2024 10:48:56 DisplayManager ERROR: Invalid settings provided
------------------------------------------------------------------------------

 03/01/2024 10:48:56 Service Sleeping for 102 seconds
 03/01/2024 10:50:38 Middleware::Response Success

------------------------------------------------------------------------------
----------------------------------AutoLogOut----------------------------------
------------------------------------------------------------------------------
 03/01/2024 10:50:38 Client-Info Client Version: 0.12.0
 03/01/2024 10:50:38 Client-Info Client OS:      Windows
 03/01/2024 10:50:38 Client-Info Server Version: 1.5.9
 03/01/2024 10:50:38 Middleware::Response Success
------------------------------------------------------------------------------


------------------------------------------------------------------------------
-----------------------------DefaultPrinterManager----------------------------
------------------------------------------------------------------------------
 03/01/2024 10:50:38 Client-Info Client Version: 0.12.0
 03/01/2024 10:50:38 Client-Info Client OS:      Windows
 03/01/2024 10:50:38 Client-Info Server Version: 1.5.9
 03/01/2024 10:50:38 Middleware::Response Success
------------------------------------------------------------------------------


------------------------------------------------------------------------------
--------------------------------DisplayManager--------------------------------
------------------------------------------------------------------------------
 03/01/2024 10:50:38 Client-Info Client Version: 0.12.0
 03/01/2024 10:50:38 Client-Info Client OS:      Windows
 03/01/2024 10:50:38 Client-Info Server Version: 1.5.9
 03/01/2024 10:50:38 Middleware::Response Success
 03/01/2024 10:50:38 DisplayManager ERROR: Invalid settings provided
------------------------------------------------------------------------------

 03/01/2024 10:50:38 Service Sleeping for 71 seconds
 03/01/2024 10:51:49 Middleware::Response Success

------------------------------------------------------------------------------
----------------------------------AutoLogOut----------------------------------
------------------------------------------------------------------------------
 03/01/2024 10:51:49 Client-Info Client Version: 0.12.0
 03/01/2024 10:51:49 Client-Info Client OS:      Windows
 03/01/2024 10:51:49 Client-Info Server Version: 1.5.9
 03/01/2024 10:51:49 Middleware::Response Success
------------------------------------------------------------------------------


------------------------------------------------------------------------------
-----------------------------DefaultPrinterManager----------------------------
------------------------------------------------------------------------------
 03/01/2024 10:51:50 Client-Info Client Version: 0.12.0
 03/01/2024 10:51:50 Client-Info Client OS:      Windows
 03/01/2024 10:51:50 Client-Info Server Version: 1.5.9
 03/01/2024 10:51:50 Middleware::Response Success
------------------------------------------------------------------------------


------------------------------------------------------------------------------
--------------------------------DisplayManager--------------------------------
------------------------------------------------------------------------------
 03/01/2024 10:51:50 Client-Info Client Version: 0.12.0
 03/01/2024 10:51:50 Client-Info Client OS:      Windows
 03/01/2024 10:51:50 Client-Info Server Version: 1.5.9
 03/01/2024 10:51:50 Middleware::Response Success
 03/01/2024 10:51:50 DisplayManager ERROR: Invalid settings provided
------------------------------------------------------------------------------

 03/01/2024 10:51:50 Service Sleeping for 151 seconds
 03/01/2024 10:54:21 Middleware::Response Success

------------------------------------------------------------------------------
----------------------------------AutoLogOut----------------------------------
------------------------------------------------------------------------------
 03/01/2024 10:54:21 Client-Info Client Version: 0.12.0
 03/01/2024 10:54:21 Client-Info Client OS:      Windows
 03/01/2024 10:54:21 Client-Info Server Version: 1.5.9
 03/01/2024 10:54:21 Middleware::Response Success
------------------------------------------------------------------------------


------------------------------------------------------------------------------
-----------------------------DefaultPrinterManager----------------------------
------------------------------------------------------------------------------
 03/01/2024 10:54:21 Client-Info Client Version: 0.12.0
 03/01/2024 10:54:21 Client-Info Client OS:      Windows
 03/01/2024 10:54:21 Client-Info Server Version: 1.5.9
 03/01/2024 10:54:21 Middleware::Response Success
------------------------------------------------------------------------------


------------------------------------------------------------------------------
--------------------------------DisplayManager--------------------------------
------------------------------------------------------------------------------
 03/01/2024 10:54:21 Client-Info Client Version: 0.12.0
 03/01/2024 10:54:21 Client-Info Client OS:      Windows
 03/01/2024 10:54:21 Client-Info Server Version: 1.5.9
 03/01/2024 10:54:21 Middleware::Response Success
 03/01/2024 10:54:21 DisplayManager ERROR: Invalid settings provided
------------------------------------------------------------------------------

 03/01/2024 10:54:21 Service Sleeping for 147 seconds
 03/01/2024 10:56:48 Middleware::Response Success

------------------------------------------------------------------------------
----------------------------------AutoLogOut----------------------------------
------------------------------------------------------------------------------
 03/01/2024 10:56:48 Client-Info Client Version: 0.12.0
 03/01/2024 10:56:48 Client-Info Client OS:      Windows
 03/01/2024 10:56:48 Client-Info Server Version: 1.5.9
 03/01/2024 10:56:48 Middleware::Response Success
------------------------------------------------------------------------------


------------------------------------------------------------------------------
-----------------------------DefaultPrinterManager----------------------------
------------------------------------------------------------------------------
 03/01/2024 10:56:48 Client-Info Client Version: 0.12.0
 03/01/2024 10:56:48 Client-Info Client OS:      Windows
 03/01/2024 10:56:48 Client-Info Server Version: 1.5.9
 03/01/2024 10:56:48 Middleware::Response Success
------------------------------------------------------------------------------


------------------------------------------------------------------------------
--------------------------------DisplayManager--------------------------------
------------------------------------------------------------------------------
 03/01/2024 10:56:48 Client-Info Client Version: 0.12.0
 03/01/2024 10:56:48 Client-Info Client OS:      Windows
 03/01/2024 10:56:48 Client-Info Server Version: 1.5.9
 03/01/2024 10:56:48 Middleware::Response Success
 03/01/2024 10:56:48 DisplayManager ERROR: Invalid settings provided
------------------------------------------------------------------------------

 03/01/2024 10:56:48 Service Sleeping for 137 seconds
 03/01/2024 10:59:05 Middleware::Response Success

------------------------------------------------------------------------------
----------------------------------AutoLogOut----------------------------------
------------------------------------------------------------------------------
 03/01/2024 10:59:05 Client-Info Client Version: 0.12.0
 03/01/2024 10:59:05 Client-Info Client OS:      Windows
 03/01/2024 10:59:05 Client-Info Server Version: 1.5.9
 03/01/2024 10:59:05 Middleware::Response Success
------------------------------------------------------------------------------


------------------------------------------------------------------------------
-----------------------------DefaultPrinterManager----------------------------
------------------------------------------------------------------------------
 03/01/2024 10:59:05 Client-Info Client Version: 0.12.0
 03/01/2024 10:59:05 Client-Info Client OS:      Windows
 03/01/2024 10:59:05 Client-Info Server Version: 1.5.9
 03/01/2024 10:59:05 Middleware::Response Success
------------------------------------------------------------------------------


------------------------------------------------------------------------------
--------------------------------DisplayManager--------------------------------
------------------------------------------------------------------------------
 03/01/2024 10:59:05 Client-Info Client Version: 0.12.0
 03/01/2024 10:59:05 Client-Info Client OS:      Windows
 03/01/2024 10:59:05 Client-Info Server Version: 1.5.9
 03/01/2024 10:59:05 Middleware::Response Success
 03/01/2024 10:59:05 DisplayManager ERROR: Invalid settings provided
------------------------------------------------------------------------------

 03/01/2024 10:59:05 Service Sleeping for 130 seconds
 03/01/2024 11:01:15 Middleware::Response Success

------------------------------------------------------------------------------
----------------------------------AutoLogOut----------------------------------
------------------------------------------------------------------------------
 03/01/2024 11:01:15 Client-Info Client Version: 0.12.0
 03/01/2024 11:01:15 Client-Info Client OS:      Windows
 03/01/2024 11:01:15 Client-Info Server Version: 1.5.9
 03/01/2024 11:01:15 Middleware::Response Success
------------------------------------------------------------------------------


------------------------------------------------------------------------------
-----------------------------DefaultPrinterManager----------------------------
------------------------------------------------------------------------------
 03/01/2024 11:01:15 Client-Info Client Version: 0.12.0
 03/01/2024 11:01:15 Client-Info Client OS:      Windows
 03/01/2024 11:01:15 Client-Info Server Version: 1.5.9
 03/01/2024 11:01:15 Middleware::Response Success
------------------------------------------------------------------------------


------------------------------------------------------------------------------
--------------------------------DisplayManager--------------------------------
------------------------------------------------------------------------------
 03/01/2024 11:01:15 Client-Info Client Version: 0.12.0
 03/01/2024 11:01:15 Client-Info Client OS:      Windows
 03/01/2024 11:01:15 Client-Info Server Version: 1.5.9
 03/01/2024 11:01:15 Middleware::Response Success
 03/01/2024 11:01:15 DisplayManager ERROR: Invalid settings provided
------------------------------------------------------------------------------

 03/01/2024 11:01:15 Service Sleeping for 69 seconds
 03/01/2024 11:02:24 Middleware::Response Success

------------------------------------------------------------------------------
----------------------------------AutoLogOut----------------------------------
------------------------------------------------------------------------------
 03/01/2024 11:02:24 Client-Info Client Version: 0.12.0
 03/01/2024 11:02:24 Client-Info Client OS:      Windows
 03/01/2024 11:02:24 Client-Info Server Version: 1.5.9
 03/01/2024 11:02:24 Middleware::Response Success
------------------------------------------------------------------------------


------------------------------------------------------------------------------
-----------------------------DefaultPrinterManager----------------------------
------------------------------------------------------------------------------
 03/01/2024 11:02:24 Client-Info Client Version: 0.12.0
 03/01/2024 11:02:24 Client-Info Client OS:      Windows
 03/01/2024 11:02:24 Client-Info Server Version: 1.5.9
 03/01/2024 11:02:24 Middleware::Response Success
------------------------------------------------------------------------------


------------------------------------------------------------------------------
--------------------------------DisplayManager--------------------------------
------------------------------------------------------------------------------
 03/01/2024 11:02:24 Client-Info Client Version: 0.12.0
 03/01/2024 11:02:24 Client-Info Client OS:      Windows
 03/01/2024 11:02:24 Client-Info Server Version: 1.5.9
 03/01/2024 11:02:24 Middleware::Response Success
 03/01/2024 11:02:24 DisplayManager ERROR: Invalid settings provided
------------------------------------------------------------------------------

 03/01/2024 11:02:24 Service Sleeping for 120 seconds
 03/01/2024 11:04:24 Middleware::Response Success

------------------------------------------------------------------------------
----------------------------------AutoLogOut----------------------------------
------------------------------------------------------------------------------
 03/01/2024 11:04:24 Client-Info Client Version: 0.12.0
 03/01/2024 11:04:24 Client-Info Client OS:      Windows
 03/01/2024 11:04:24 Client-Info Server Version: 1.5.9
 03/01/2024 11:04:24 Middleware::Response Success
------------------------------------------------------------------------------


------------------------------------------------------------------------------
-----------------------------DefaultPrinterManager----------------------------
------------------------------------------------------------------------------
 03/01/2024 11:04:24 Client-Info Client Version: 0.12.0
 03/01/2024 11:04:24 Client-Info Client OS:      Windows
 03/01/2024 11:04:24 Client-Info Server Version: 1.5.9
 03/01/2024 11:04:24 Middleware::Response Success
------------------------------------------------------------------------------


------------------------------------------------------------------------------
--------------------------------DisplayManager--------------------------------
------------------------------------------------------------------------------
 03/01/2024 11:04:24 Client-Info Client Version: 0.12.0
 03/01/2024 11:04:24 Client-Info Client OS:      Windows
 03/01/2024 11:04:24 Client-Info Server Version: 1.5.9
 03/01/2024 11:04:24 Middleware::Response Success
 03/01/2024 11:04:24 DisplayManager ERROR: Invalid settings provided
------------------------------------------------------------------------------

 03/01/2024 11:04:24 Service Sleeping for 64 seconds
 03/01/2024 11:05:28 Middleware::Response Success

------------------------------------------------------------------------------
----------------------------------AutoLogOut----------------------------------
------------------------------------------------------------------------------
 03/01/2024 11:05:28 Client-Info Client Version: 0.12.0
 03/01/2024 11:05:28 Client-Info Client OS:      Windows
 03/01/2024 11:05:28 Client-Info Server Version: 1.5.9
 03/01/2024 11:05:28 Middleware::Response Success
------------------------------------------------------------------------------


------------------------------------------------------------------------------
-----------------------------DefaultPrinterManager----------------------------
------------------------------------------------------------------------------
 03/01/2024 11:05:28 Client-Info Client Version: 0.12.0
 03/01/2024 11:05:28 Client-Info Client OS:      Windows
 03/01/2024 11:05:28 Client-Info Server Version: 1.5.9
 03/01/2024 11:05:28 Middleware::Response Success
------------------------------------------------------------------------------


------------------------------------------------------------------------------
--------------------------------DisplayManager--------------------------------
------------------------------------------------------------------------------
 03/01/2024 11:05:28 Client-Info Client Version: 0.12.0
 03/01/2024 11:05:28 Client-Info Client OS:      Windows
 03/01/2024 11:05:28 Client-Info Server Version: 1.5.9
 03/01/2024 11:05:28 Middleware::Response Success
 03/01/2024 11:05:28 DisplayManager ERROR: Invalid settings provided
------------------------------------------------------------------------------

 03/01/2024 11:05:28 Service Sleeping for 116 seconds
 03/01/2024 11:07:24 Middleware::Response Success

------------------------------------------------------------------------------
----------------------------------AutoLogOut----------------------------------
------------------------------------------------------------------------------
 03/01/2024 11:07:24 Client-Info Client Version: 0.12.0
 03/01/2024 11:07:24 Client-Info Client OS:      Windows
 03/01/2024 11:07:24 Client-Info Server Version: 1.5.9
 03/01/2024 11:07:24 Middleware::Response Success
------------------------------------------------------------------------------


------------------------------------------------------------------------------
-----------------------------DefaultPrinterManager----------------------------
------------------------------------------------------------------------------
 03/01/2024 11:07:24 Client-Info Client Version: 0.12.0
 03/01/2024 11:07:24 Client-Info Client OS:      Windows
 03/01/2024 11:07:24 Client-Info Server Version: 1.5.9
 03/01/2024 11:07:24 Middleware::Response Success
------------------------------------------------------------------------------


------------------------------------------------------------------------------
--------------------------------DisplayManager--------------------------------
------------------------------------------------------------------------------
 03/01/2024 11:07:24 Client-Info Client Version: 0.12.0
 03/01/2024 11:07:24 Client-Info Client OS:      Windows
 03/01/2024 11:07:24 Client-Info Server Version: 1.5.9
 03/01/2024 11:07:24 Middleware::Response Success
 03/01/2024 11:07:24 DisplayManager ERROR: Invalid settings provided
------------------------------------------------------------------------------

 03/01/2024 11:07:24 Service Sleeping for 110 seconds
 03/01/2024 11:09:14 Middleware::Response Success

------------------------------------------------------------------------------
----------------------------------AutoLogOut----------------------------------
------------------------------------------------------------------------------
 03/01/2024 11:09:14 Client-Info Client Version: 0.12.0
 03/01/2024 11:09:14 Client-Info Client OS:      Windows
 03/01/2024 11:09:14 Client-Info Server Version: 1.5.9
 03/01/2024 11:09:14 Middleware::Response Success
------------------------------------------------------------------------------


------------------------------------------------------------------------------
-----------------------------DefaultPrinterManager----------------------------
------------------------------------------------------------------------------
 03/01/2024 11:09:14 Client-Info Client Version: 0.12.0
 03/01/2024 11:09:14 Client-Info Client OS:      Windows
 03/01/2024 11:09:14 Client-Info Server Version: 1.5.9
 03/01/2024 11:09:14 Middleware::Response Success
------------------------------------------------------------------------------


------------------------------------------------------------------------------
--------------------------------DisplayManager--------------------------------
------------------------------------------------------------------------------
 03/01/2024 11:09:14 Client-Info Client Version: 0.12.0
 03/01/2024 11:09:14 Client-Info Client OS:      Windows
 03/01/2024 11:09:14 Client-Info Server Version: 1.5.9
 03/01/2024 11:09:14 Middleware::Response Success
 03/01/2024 11:09:14 DisplayManager ERROR: Invalid settings provided
------------------------------------------------------------------------------

 03/01/2024 11:09:14 Service Sleeping for 93 seconds
 03/01/2024 11:10:47 Middleware::Response Success

------------------------------------------------------------------------------
----------------------------------AutoLogOut----------------------------------
------------------------------------------------------------------------------
 03/01/2024 11:10:47 Client-Info Client Version: 0.12.0
 03/01/2024 11:10:47 Client-Info Client OS:      Windows
 03/01/2024 11:10:47 Client-Info Server Version: 1.5.9
 03/01/2024 11:10:47 Middleware::Response Success
------------------------------------------------------------------------------


------------------------------------------------------------------------------
-----------------------------DefaultPrinterManager----------------------------
------------------------------------------------------------------------------
 03/01/2024 11:10:47 Client-Info Client Version: 0.12.0
 03/01/2024 11:10:47 Client-Info Client OS:      Windows
 03/01/2024 11:10:47 Client-Info Server Version: 1.5.9
 03/01/2024 11:10:47 Middleware::Response Success
------------------------------------------------------------------------------


------------------------------------------------------------------------------
--------------------------------DisplayManager--------------------------------
------------------------------------------------------------------------------
 03/01/2024 11:10:47 Client-Info Client Version: 0.12.0
 03/01/2024 11:10:47 Client-Info Client OS:      Windows
 03/01/2024 11:10:47 Client-Info Server Version: 1.5.9
 03/01/2024 11:10:47 Middleware::Response Success
 03/01/2024 11:10:47 DisplayManager ERROR: Invalid settings provided
------------------------------------------------------------------------------

 03/01/2024 11:10:47 Service Sleeping for 67 seconds
 03/01/2024 11:11:54 Middleware::Response Success

------------------------------------------------------------------------------
----------------------------------AutoLogOut----------------------------------
------------------------------------------------------------------------------
 03/01/2024 11:11:54 Client-Info Client Version: 0.12.0
 03/01/2024 11:11:54 Client-Info Client OS:      Windows
 03/01/2024 11:11:54 Client-Info Server Version: 1.5.9
 03/01/2024 11:11:54 Middleware::Response Success
------------------------------------------------------------------------------


------------------------------------------------------------------------------
-----------------------------DefaultPrinterManager----------------------------
------------------------------------------------------------------------------
 03/01/2024 11:11:54 Client-Info Client Version: 0.12.0
 03/01/2024 11:11:54 Client-Info Client OS:      Windows
 03/01/2024 11:11:54 Client-Info Server Version: 1.5.9
 03/01/2024 11:11:54 Middleware::Response Success
------------------------------------------------------------------------------


------------------------------------------------------------------------------
--------------------------------DisplayManager--------------------------------
------------------------------------------------------------------------------
 03/01/2024 11:11:54 Client-Info Client Version: 0.12.0
 03/01/2024 11:11:54 Client-Info Client OS:      Windows
 03/01/2024 11:11:54 Client-Info Server Version: 1.5.9
 03/01/2024 11:11:54 Middleware::Response Success
 03/01/2024 11:11:54 DisplayManager ERROR: Invalid settings provided
------------------------------------------------------------------------------

 03/01/2024 11:11:54 Service Sleeping for 88 seconds
 03/01/2024 11:13:22 Middleware::Response Success

------------------------------------------------------------------------------
----------------------------------AutoLogOut----------------------------------
------------------------------------------------------------------------------
 03/01/2024 11:13:22 Client-Info Client Version: 0.12.0
 03/01/2024 11:13:22 Client-Info Client OS:      Windows
 03/01/2024 11:13:22 Client-Info Server Version: 1.5.9
 03/01/2024 11:13:22 Middleware::Response Success
------------------------------------------------------------------------------


------------------------------------------------------------------------------
-----------------------------DefaultPrinterManager----------------------------
------------------------------------------------------------------------------
 03/01/2024 11:13:22 Client-Info Client Version: 0.12.0
 03/01/2024 11:13:22 Client-Info Client OS:      Windows
 03/01/2024 11:13:22 Client-Info Server Version: 1.5.9
 03/01/2024 11:13:22 Middleware::Response Success
------------------------------------------------------------------------------


------------------------------------------------------------------------------
--------------------------------DisplayManager--------------------------------
------------------------------------------------------------------------------
 03/01/2024 11:13:22 Client-Info Client Version: 0.12.0
 03/01/2024 11:13:22 Client-Info Client OS:      Windows
 03/01/2024 11:13:22 Client-Info Server Version: 1.5.9
 03/01/2024 11:13:22 Middleware::Response Success
 03/01/2024 11:13:22 DisplayManager ERROR: Invalid settings provided
------------------------------------------------------------------------------

 03/01/2024 11:13:22 Service Sleeping for 97 seconds
 03/01/2024 11:14:59 Middleware::Response Success

------------------------------------------------------------------------------
----------------------------------AutoLogOut----------------------------------
------------------------------------------------------------------------------
 03/01/2024 11:14:59 Client-Info Client Version: 0.12.0
 03/01/2024 11:14:59 Client-Info Client OS:      Windows
 03/01/2024 11:14:59 Client-Info Server Version: 1.5.9
 03/01/2024 11:14:59 Middleware::Response Success
------------------------------------------------------------------------------


------------------------------------------------------------------------------
-----------------------------DefaultPrinterManager----------------------------
------------------------------------------------------------------------------
 03/01/2024 11:14:59 Client-Info Client Version: 0.12.0
 03/01/2024 11:14:59 Client-Info Client OS:      Windows
 03/01/2024 11:14:59 Client-Info Server Version: 1.5.9
 03/01/2024 11:14:59 Middleware::Response Success
------------------------------------------------------------------------------


------------------------------------------------------------------------------
--------------------------------DisplayManager--------------------------------
------------------------------------------------------------------------------
 03/01/2024 11:14:59 Client-Info Client Version: 0.12.0
 03/01/2024 11:14:59 Client-Info Client OS:      Windows
 03/01/2024 11:14:59 Client-Info Server Version: 1.5.9
 03/01/2024 11:14:59 Middleware::Response Success
 03/01/2024 11:14:59 DisplayManager ERROR: Invalid settings provided
------------------------------------------------------------------------------

 03/01/2024 11:14:59 Service Sleeping for 92 seconds
 03/01/2024 11:16:31 Middleware::Response Success

------------------------------------------------------------------------------
----------------------------------AutoLogOut----------------------------------
------------------------------------------------------------------------------
 03/01/2024 11:16:31 Client-Info Client Version: 0.12.0
 03/01/2024 11:16:31 Client-Info Client OS:      Windows
 03/01/2024 11:16:31 Client-Info Server Version: 1.5.9
 03/01/2024 11:16:31 Middleware::Response Success
------------------------------------------------------------------------------


------------------------------------------------------------------------------
-----------------------------DefaultPrinterManager----------------------------
------------------------------------------------------------------------------
 03/01/2024 11:16:31 Client-Info Client Version: 0.12.0
 03/01/2024 11:16:31 Client-Info Client OS:      Windows
 03/01/2024 11:16:31 Client-Info Server Version: 1.5.9
 03/01/2024 11:16:31 Middleware::Response Success
------------------------------------------------------------------------------


------------------------------------------------------------------------------
--------------------------------DisplayManager--------------------------------
------------------------------------------------------------------------------
 03/01/2024 11:16:31 Client-Info Client Version: 0.12.0
 03/01/2024 11:16:31 Client-Info Client OS:      Windows
 03/01/2024 11:16:31 Client-Info Server Version: 1.5.9
 03/01/2024 11:16:31 Middleware::Response Success
 03/01/2024 11:16:31 DisplayManager ERROR: Invalid settings provided
------------------------------------------------------------------------------

 03/01/2024 11:16:31 Service Sleeping for 92 seconds
 03/01/2024 11:18:03 Middleware::Response Success

------------------------------------------------------------------------------
----------------------------------AutoLogOut----------------------------------
------------------------------------------------------------------------------
 03/01/2024 11:18:03 Client-Info Client Version: 0.12.0
 03/01/2024 11:18:03 Client-Info Client OS:      Windows
 03/01/2024 11:18:03 Client-Info Server Version: 1.5.9
 03/01/2024 11:18:03 Middleware::Response Success
------------------------------------------------------------------------------


------------------------------------------------------------------------------
-----------------------------DefaultPrinterManager----------------------------
------------------------------------------------------------------------------
 03/01/2024 11:18:03 Client-Info Client Version: 0.12.0
 03/01/2024 11:18:03 Client-Info Client OS:      Windows
 03/01/2024 11:18:03 Client-Info Server Version: 1.5.9
 03/01/2024 11:18:03 Middleware::Response Success
------------------------------------------------------------------------------


------------------------------------------------------------------------------
--------------------------------DisplayManager--------------------------------
------------------------------------------------------------------------------
 03/01/2024 11:18:03 Client-Info Client Version: 0.12.0
 03/01/2024 11:18:03 Client-Info Client OS:      Windows
 03/01/2024 11:18:03 Client-Info Server Version: 1.5.9
 03/01/2024 11:18:03 Middleware::Response Success
 03/01/2024 11:18:03 DisplayManager ERROR: Invalid settings provided
------------------------------------------------------------------------------

 03/01/2024 11:18:03 Service Sleeping for 133 seconds
 03/01/2024 11:20:16 Middleware::Response Success

------------------------------------------------------------------------------
----------------------------------AutoLogOut----------------------------------
------------------------------------------------------------------------------
 03/01/2024 11:20:16 Client-Info Client Version: 0.12.0
 03/01/2024 11:20:16 Client-Info Client OS:      Windows
 03/01/2024 11:20:16 Client-Info Server Version: 1.5.9
 03/01/2024 11:20:16 Middleware::Response Success
------------------------------------------------------------------------------


------------------------------------------------------------------------------
-----------------------------DefaultPrinterManager----------------------------
------------------------------------------------------------------------------
 03/01/2024 11:20:16 Client-Info Client Version: 0.12.0
 03/01/2024 11:20:16 Client-Info Client OS:      Windows
 03/01/2024 11:20:16 Client-Info Server Version: 1.5.9
 03/01/2024 11:20:16 Middleware::Response Success
------------------------------------------------------------------------------


------------------------------------------------------------------------------
--------------------------------DisplayManager--------------------------------
------------------------------------------------------------------------------
 03/01/2024 11:20:16 Client-Info Client Version: 0.12.0
 03/01/2024 11:20:16 Client-Info Client OS:      Windows
 03/01/2024 11:20:16 Client-Info Server Version: 1.5.9
 03/01/2024 11:20:16 Middleware::Response Success
 03/01/2024 11:20:16 DisplayManager ERROR: Invalid settings provided
------------------------------------------------------------------------------

 03/01/2024 11:20:16 Service Sleeping for 103 seconds
 03/01/2024 11:21:59 Middleware::Response Success

------------------------------------------------------------------------------
----------------------------------AutoLogOut----------------------------------
------------------------------------------------------------------------------
 03/01/2024 11:21:59 Client-Info Client Version: 0.12.0
 03/01/2024 11:21:59 Client-Info Client OS:      Windows
 03/01/2024 11:21:59 Client-Info Server Version: 1.5.9
 03/01/2024 11:21:59 Middleware::Response Success
------------------------------------------------------------------------------


------------------------------------------------------------------------------
-----------------------------DefaultPrinterManager----------------------------
------------------------------------------------------------------------------
 03/01/2024 11:21:59 Client-Info Client Version: 0.12.0
 03/01/2024 11:21:59 Client-Info Client OS:      Windows
 03/01/2024 11:21:59 Client-Info Server Version: 1.5.9
 03/01/2024 11:21:59 Middleware::Response Success
------------------------------------------------------------------------------


------------------------------------------------------------------------------
--------------------------------DisplayManager--------------------------------
------------------------------------------------------------------------------
 03/01/2024 11:21:59 Client-Info Client Version: 0.12.0
 03/01/2024 11:21:59 Client-Info Client OS:      Windows
 03/01/2024 11:21:59 Client-Info Server Version: 1.5.9
 03/01/2024 11:21:59 Middleware::Response Success
 03/01/2024 11:21:59 DisplayManager ERROR: Invalid settings provided
------------------------------------------------------------------------------

 03/01/2024 11:21:59 Service Sleeping for 108 seconds
 03/01/2024 11:23:47 Middleware::Response Success

------------------------------------------------------------------------------
----------------------------------AutoLogOut----------------------------------
------------------------------------------------------------------------------
 03/01/2024 11:23:47 Client-Info Client Version: 0.12.0
 03/01/2024 11:23:47 Client-Info Client OS:      Windows
 03/01/2024 11:23:47 Client-Info Server Version: 1.5.9
 03/01/2024 11:23:47 Middleware::Response Success
------------------------------------------------------------------------------


------------------------------------------------------------------------------
-----------------------------DefaultPrinterManager----------------------------
------------------------------------------------------------------------------
 03/01/2024 11:23:48 Client-Info Client Version: 0.12.0
 03/01/2024 11:23:48 Client-Info Client OS:      Windows
 03/01/2024 11:23:48 Client-Info Server Version: 1.5.9
 03/01/2024 11:23:48 Middleware::Response Success
------------------------------------------------------------------------------


------------------------------------------------------------------------------
--------------------------------DisplayManager--------------------------------
------------------------------------------------------------------------------
 03/01/2024 11:23:48 Client-Info Client Version: 0.12.0
 03/01/2024 11:23:48 Client-Info Client OS:      Windows
 03/01/2024 11:23:48 Client-Info Server Version: 1.5.9
 03/01/2024 11:23:48 Middleware::Response Success
 03/01/2024 11:23:48 DisplayManager ERROR: Invalid settings provided
------------------------------------------------------------------------------

 03/01/2024 11:23:48 Service Sleeping for 110 seconds
 03/01/2024 11:25:38 Middleware::Response Success

------------------------------------------------------------------------------
----------------------------------AutoLogOut----------------------------------
------------------------------------------------------------------------------
 03/01/2024 11:25:38 Client-Info Client Version: 0.12.0
 03/01/2024 11:25:38 Client-Info Client OS:      Windows
 03/01/2024 11:25:38 Client-Info Server Version: 1.5.9
 03/01/2024 11:25:38 Middleware::Response Success
------------------------------------------------------------------------------


------------------------------------------------------------------------------
-----------------------------DefaultPrinterManager----------------------------
------------------------------------------------------------------------------
 03/01/2024 11:25:38 Client-Info Client Version: 0.12.0
 03/01/2024 11:25:38 Client-Info Client OS:      Windows
 03/01/2024 11:25:38 Client-Info Server Version: 1.5.9
 03/01/2024 11:25:38 Middleware::Response Success
------------------------------------------------------------------------------


------------------------------------------------------------------------------
--------------------------------DisplayManager--------------------------------
------------------------------------------------------------------------------
 03/01/2024 11:25:38 Client-Info Client Version: 0.12.0
 03/01/2024 11:25:38 Client-Info Client OS:      Windows
 03/01/2024 11:25:38 Client-Info Server Version: 1.5.9
 03/01/2024 11:25:38 Middleware::Response Success
 03/01/2024 11:25:38 DisplayManager ERROR: Invalid settings provided
------------------------------------------------------------------------------

 03/01/2024 11:25:38 Service Sleeping for 140 seconds
 03/01/2024 11:27:58 Middleware::Response Success

------------------------------------------------------------------------------
----------------------------------AutoLogOut----------------------------------
------------------------------------------------------------------------------
 03/01/2024 11:27:58 Client-Info Client Version: 0.12.0
 03/01/2024 11:27:58 Client-Info Client OS:      Windows
 03/01/2024 11:27:58 Client-Info Server Version: 1.5.9
 03/01/2024 11:27:58 Middleware::Response Success
------------------------------------------------------------------------------


------------------------------------------------------------------------------
-----------------------------DefaultPrinterManager----------------------------
------------------------------------------------------------------------------
 03/01/2024 11:27:58 Client-Info Client Version: 0.12.0
 03/01/2024 11:27:58 Client-Info Client OS:      Windows
 03/01/2024 11:27:58 Client-Info Server Version: 1.5.9
 03/01/2024 11:27:58 Middleware::Response Success
------------------------------------------------------------------------------


------------------------------------------------------------------------------
--------------------------------DisplayManager--------------------------------
------------------------------------------------------------------------------
 03/01/2024 11:27:58 Client-Info Client Version: 0.12.0
 03/01/2024 11:27:58 Client-Info Client OS:      Windows
 03/01/2024 11:27:58 Client-Info Server Version: 1.5.9
 03/01/2024 11:27:58 Middleware::Response Success
 03/01/2024 11:27:58 DisplayManager ERROR: Invalid settings provided
------------------------------------------------------------------------------

 03/01/2024 11:27:58 Service Sleeping for 92 seconds
 03/01/2024 11:29:30 Middleware::Response Success

------------------------------------------------------------------------------
----------------------------------AutoLogOut----------------------------------
------------------------------------------------------------------------------
 03/01/2024 11:29:30 Client-Info Client Version: 0.12.0
 03/01/2024 11:29:30 Client-Info Client OS:      Windows
 03/01/2024 11:29:30 Client-Info Server Version: 1.5.9
 03/01/2024 11:29:30 Middleware::Response Success
------------------------------------------------------------------------------


------------------------------------------------------------------------------
-----------------------------DefaultPrinterManager----------------------------
------------------------------------------------------------------------------
 03/01/2024 11:29:30 Client-Info Client Version: 0.12.0
 03/01/2024 11:29:30 Client-Info Client OS:      Windows
 03/01/2024 11:29:30 Client-Info Server Version: 1.5.9
 03/01/2024 11:29:30 Middleware::Response Success
------------------------------------------------------------------------------


------------------------------------------------------------------------------
--------------------------------DisplayManager--------------------------------
------------------------------------------------------------------------------
 03/01/2024 11:29:30 Client-Info Client Version: 0.12.0
 03/01/2024 11:29:30 Client-Info Client OS:      Windows
 03/01/2024 11:29:30 Client-Info Server Version: 1.5.9
 03/01/2024 11:29:30 Middleware::Response Success
 03/01/2024 11:29:30 DisplayManager ERROR: Invalid settings provided
------------------------------------------------------------------------------

 03/01/2024 11:29:30 Service Sleeping for 117 seconds
 03/01/2024 11:31:27 Middleware::Response Success

------------------------------------------------------------------------------
----------------------------------AutoLogOut----------------------------------
------------------------------------------------------------------------------
 03/01/2024 11:31:27 Client-Info Client Version: 0.12.0
 03/01/2024 11:31:27 Client-Info Client OS:      Windows
 03/01/2024 11:31:27 Client-Info Server Version: 1.5.9
 03/01/2024 11:31:27 Middleware::Response Success
------------------------------------------------------------------------------


------------------------------------------------------------------------------
-----------------------------DefaultPrinterManager----------------------------
------------------------------------------------------------------------------
 03/01/2024 11:31:27 Client-Info Client Version: 0.12.0
 03/01/2024 11:31:27 Client-Info Client OS:      Windows
 03/01/2024 11:31:27 Client-Info Server Version: 1.5.9
 03/01/2024 11:31:27 Middleware::Response Success
------------------------------------------------------------------------------


------------------------------------------------------------------------------
--------------------------------DisplayManager--------------------------------
------------------------------------------------------------------------------
 03/01/2024 11:31:27 Client-Info Client Version: 0.12.0
 03/01/2024 11:31:27 Client-Info Client OS:      Windows
 03/01/2024 11:31:27 Client-Info Server Version: 1.5.9
 03/01/2024 11:31:27 Middleware::Response Success
 03/01/2024 11:31:27 DisplayManager ERROR: Invalid settings provided
------------------------------------------------------------------------------

 03/01/2024 11:31:27 Service Sleeping for 82 seconds
 03/01/2024 11:32:49 Middleware::Response Success

------------------------------------------------------------------------------
----------------------------------AutoLogOut----------------------------------
------------------------------------------------------------------------------
 03/01/2024 11:32:49 Client-Info Client Version: 0.12.0
 03/01/2024 11:32:49 Client-Info Client OS:      Windows
 03/01/2024 11:32:49 Client-Info Server Version: 1.5.9
 03/01/2024 11:32:49 Middleware::Response Success
------------------------------------------------------------------------------


------------------------------------------------------------------------------
-----------------------------DefaultPrinterManager----------------------------
------------------------------------------------------------------------------
 03/01/2024 11:32:49 Client-Info Client Version: 0.12.0
 03/01/2024 11:32:49 Client-Info Client OS:      Windows
 03/01/2024 11:32:49 Client-Info Server Version: 1.5.9
 03/01/2024 11:32:49 Middleware::Response Success
------------------------------------------------------------------------------


------------------------------------------------------------------------------
--------------------------------DisplayManager--------------------------------
------------------------------------------------------------------------------
 03/01/2024 11:32:49 Client-Info Client Version: 0.12.0
 03/01/2024 11:32:49 Client-Info Client OS:      Windows
 03/01/2024 11:32:49 Client-Info Server Version: 1.5.9
 03/01/2024 11:32:49 Middleware::Response Success
 03/01/2024 11:32:49 DisplayManager ERROR: Invalid settings provided
------------------------------------------------------------------------------

 03/01/2024 11:32:49 Service Sleeping for 75 seconds
 03/01/2024 11:34:04 Middleware::Response Success

------------------------------------------------------------------------------
----------------------------------AutoLogOut----------------------------------
------------------------------------------------------------------------------
 03/01/2024 11:34:04 Client-Info Client Version: 0.12.0
 03/01/2024 11:34:04 Client-Info Client OS:      Windows
 03/01/2024 11:34:04 Client-Info Server Version: 1.5.9
 03/01/2024 11:34:04 Middleware::Response Success
------------------------------------------------------------------------------


------------------------------------------------------------------------------
-----------------------------DefaultPrinterManager----------------------------
------------------------------------------------------------------------------
 03/01/2024 11:34:04 Client-Info Client Version: 0.12.0
 03/01/2024 11:34:04 Client-Info Client OS:      Windows
 03/01/2024 11:34:04 Client-Info Server Version: 1.5.9
 03/01/2024 11:34:04 Middleware::Response Success
------------------------------------------------------------------------------


------------------------------------------------------------------------------
--------------------------------DisplayManager--------------------------------
------------------------------------------------------------------------------
 03/01/2024 11:34:04 Client-Info Client Version: 0.12.0
 03/01/2024 11:34:04 Client-Info Client OS:      Windows
 03/01/2024 11:34:04 Client-Info Server Version: 1.5.9
 03/01/2024 11:34:04 Middleware::Response Success
 03/01/2024 11:34:04 DisplayManager ERROR: Invalid settings provided
------------------------------------------------------------------------------

 03/01/2024 11:34:04 Service Sleeping for 93 seconds
 03/01/2024 11:35:37 Middleware::Response Success

------------------------------------------------------------------------------
----------------------------------AutoLogOut----------------------------------
------------------------------------------------------------------------------
 03/01/2024 11:35:37 Client-Info Client Version: 0.12.0
 03/01/2024 11:35:37 Client-Info Client OS:      Windows
 03/01/2024 11:35:37 Client-Info Server Version: 1.5.9
 03/01/2024 11:35:37 Middleware::Response Success
------------------------------------------------------------------------------


------------------------------------------------------------------------------
-----------------------------DefaultPrinterManager----------------------------
------------------------------------------------------------------------------
 03/01/2024 11:35:37 Client-Info Client Version: 0.12.0
 03/01/2024 11:35:37 Client-Info Client OS:      Windows
 03/01/2024 11:35:37 Client-Info Server Version: 1.5.9
 03/01/2024 11:35:37 Middleware::Response Success
------------------------------------------------------------------------------


------------------------------------------------------------------------------
--------------------------------DisplayManager--------------------------------
------------------------------------------------------------------------------
 03/01/2024 11:35:37 Client-Info Client Version: 0.12.0
 03/01/2024 11:35:37 Client-Info Client OS:      Windows
 03/01/2024 11:35:37 Client-Info Server Version: 1.5.9
 03/01/2024 11:35:37 Middleware::Response Success
 03/01/2024 11:35:37 DisplayManager ERROR: Invalid settings provided
------------------------------------------------------------------------------

 03/01/2024 11:35:37 Service Sleeping for 70 seconds
 03/01/2024 11:36:47 Middleware::Response Success

------------------------------------------------------------------------------
----------------------------------AutoLogOut----------------------------------
------------------------------------------------------------------------------
 03/01/2024 11:36:47 Client-Info Client Version: 0.12.0
 03/01/2024 11:36:47 Client-Info Client OS:      Windows
 03/01/2024 11:36:47 Client-Info Server Version: 1.5.9
 03/01/2024 11:36:47 Middleware::Response Success
------------------------------------------------------------------------------


------------------------------------------------------------------------------
-----------------------------DefaultPrinterManager----------------------------
------------------------------------------------------------------------------
 03/01/2024 11:36:47 Client-Info Client Version: 0.12.0
 03/01/2024 11:36:47 Client-Info Client OS:      Windows
 03/01/2024 11:36:47 Client-Info Server Version: 1.5.9
 03/01/2024 11:36:47 Middleware::Response Success
------------------------------------------------------------------------------


------------------------------------------------------------------------------
--------------------------------DisplayManager--------------------------------
------------------------------------------------------------------------------
 03/01/2024 11:36:47 Client-Info Client Version: 0.12.0
 03/01/2024 11:36:47 Client-Info Client OS:      Windows
 03/01/2024 11:36:47 Client-Info Server Version: 1.5.9
 03/01/2024 11:36:47 Middleware::Response Success
 03/01/2024 11:36:47 DisplayManager ERROR: Invalid settings provided
------------------------------------------------------------------------------

 03/01/2024 11:36:47 Service Sleeping for 76 seconds
 03/01/2024 11:38:03 Middleware::Response Success

------------------------------------------------------------------------------
----------------------------------AutoLogOut----------------------------------
------------------------------------------------------------------------------
 03/01/2024 11:38:03 Client-Info Client Version: 0.12.0
 03/01/2024 11:38:03 Client-Info Client OS:      Windows
 03/01/2024 11:38:03 Client-Info Server Version: 1.5.9
 03/01/2024 11:38:03 Middleware::Response Success
------------------------------------------------------------------------------


------------------------------------------------------------------------------
-----------------------------DefaultPrinterManager----------------------------
------------------------------------------------------------------------------
 03/01/2024 11:38:03 Client-Info Client Version: 0.12.0
 03/01/2024 11:38:03 Client-Info Client OS:      Windows
 03/01/2024 11:38:03 Client-Info Server Version: 1.5.9
 03/01/2024 11:38:03 Middleware::Response Success
------------------------------------------------------------------------------


------------------------------------------------------------------------------
--------------------------------DisplayManager--------------------------------
------------------------------------------------------------------------------
 03/01/2024 11:38:03 Client-Info Client Version: 0.12.0
 03/01/2024 11:38:03 Client-Info Client OS:      Windows
 03/01/2024 11:38:03 Client-Info Server Version: 1.5.9
 03/01/2024 11:38:03 Middleware::Response Success
 03/01/2024 11:38:03 DisplayManager ERROR: Invalid settings provided
------------------------------------------------------------------------------

 03/01/2024 11:38:03 Service Sleeping for 86 seconds
 03/01/2024 11:39:29 Middleware::Response Success

------------------------------------------------------------------------------
----------------------------------AutoLogOut----------------------------------
------------------------------------------------------------------------------
 03/01/2024 11:39:29 Client-Info Client Version: 0.12.0
 03/01/2024 11:39:29 Client-Info Client OS:      Windows
 03/01/2024 11:39:29 Client-Info Server Version: 1.5.9
 03/01/2024 11:39:29 Middleware::Response Success
------------------------------------------------------------------------------


------------------------------------------------------------------------------
-----------------------------DefaultPrinterManager----------------------------
------------------------------------------------------------------------------
 03/01/2024 11:39:29 Client-Info Client Version: 0.12.0
 03/01/2024 11:39:29 Client-Info Client OS:      Windows
 03/01/2024 11:39:29 Client-Info Server Version: 1.5.9
 03/01/2024 11:39:29 Middleware::Response Success
------------------------------------------------------------------------------


------------------------------------------------------------------------------
--------------------------------DisplayManager--------------------------------
------------------------------------------------------------------------------
 03/01/2024 11:39:29 Client-Info Client Version: 0.12.0
 03/01/2024 11:39:29 Client-Info Client OS:      Windows
 03/01/2024 11:39:29 Client-Info Server Version: 1.5.9
 03/01/2024 11:39:29 Middleware::Response Success
 03/01/2024 11:39:29 DisplayManager ERROR: Invalid settings provided
------------------------------------------------------------------------------

 03/01/2024 11:39:29 Service Sleeping for 131 seconds
 03/01/2024 11:41:40 Middleware::Response Success

------------------------------------------------------------------------------
----------------------------------AutoLogOut----------------------------------
------------------------------------------------------------------------------
 03/01/2024 11:41:40 Client-Info Client Version: 0.12.0
 03/01/2024 11:41:40 Client-Info Client OS:      Windows
 03/01/2024 11:41:40 Client-Info Server Version: 1.5.9
 03/01/2024 11:41:40 Middleware::Response Success
------------------------------------------------------------------------------


------------------------------------------------------------------------------
-----------------------------DefaultPrinterManager----------------------------
------------------------------------------------------------------------------
 03/01/2024 11:41:40 Client-Info Client Version: 0.12.0
 03/01/2024 11:41:40 Client-Info Client OS:      Windows
 03/01/2024 11:41:40 Client-Info Server Version: 1.5.9
 03/01/2024 11:41:40 Middleware::Response Success
------------------------------------------------------------------------------


------------------------------------------------------------------------------
--------------------------------DisplayManager--------------------------------
------------------------------------------------------------------------------
 03/01/2024 11:41:40 Client-Info Client Version: 0.12.0
 03/01/2024 11:41:40 Client-Info Client OS:      Windows
 03/01/2024 11:41:40 Client-Info Server Version: 1.5.9
 03/01/2024 11:41:40 Middleware::Response Success
 03/01/2024 11:41:40 DisplayManager ERROR: Invalid settings provided
------------------------------------------------------------------------------

 03/01/2024 11:41:40 Service Sleeping for 137 seconds
 03/01/2024 11:43:57 Middleware::Response Success

------------------------------------------------------------------------------
----------------------------------AutoLogOut----------------------------------
------------------------------------------------------------------------------
 03/01/2024 11:43:57 Client-Info Client Version: 0.12.0
 03/01/2024 11:43:57 Client-Info Client OS:      Windows
 03/01/2024 11:43:57 Client-Info Server Version: 1.5.9
 03/01/2024 11:43:57 Middleware::Response Success
------------------------------------------------------------------------------


------------------------------------------------------------------------------
-----------------------------DefaultPrinterManager----------------------------
------------------------------------------------------------------------------
 03/01/2024 11:43:57 Client-Info Client Version: 0.12.0
 03/01/2024 11:43:57 Client-Info Client OS:      Windows
 03/01/2024 11:43:57 Client-Info Server Version: 1.5.9
 03/01/2024 11:43:57 Middleware::Response Success
------------------------------------------------------------------------------


------------------------------------------------------------------------------
--------------------------------DisplayManager--------------------------------
------------------------------------------------------------------------------
 03/01/2024 11:43:57 Client-Info Client Version: 0.12.0
 03/01/2024 11:43:57 Client-Info Client OS:      Windows
 03/01/2024 11:43:57 Client-Info Server Version: 1.5.9
 03/01/2024 11:43:57 Middleware::Response Success
 03/01/2024 11:43:57 DisplayManager ERROR: Invalid settings provided
------------------------------------------------------------------------------

 03/01/2024 11:43:57 Service Sleeping for 61 seconds
 03/01/2024 11:44:58 Middleware::Response Success

------------------------------------------------------------------------------
----------------------------------AutoLogOut----------------------------------
------------------------------------------------------------------------------
 03/01/2024 11:44:58 Client-Info Client Version: 0.12.0
 03/01/2024 11:44:58 Client-Info Client OS:      Windows
 03/01/2024 11:44:58 Client-Info Server Version: 1.5.9
 03/01/2024 11:44:58 Middleware::Response Success
------------------------------------------------------------------------------


------------------------------------------------------------------------------
-----------------------------DefaultPrinterManager----------------------------
------------------------------------------------------------------------------
 03/01/2024 11:44:58 Client-Info Client Version: 0.12.0
 03/01/2024 11:44:58 Client-Info Client OS:      Windows
 03/01/2024 11:44:58 Client-Info Server Version: 1.5.9
 03/01/2024 11:44:58 Middleware::Response Success
------------------------------------------------------------------------------


------------------------------------------------------------------------------
--------------------------------DisplayManager--------------------------------
------------------------------------------------------------------------------
 03/01/2024 11:44:58 Client-Info Client Version: 0.12.0
 03/01/2024 11:44:58 Client-Info Client OS:      Windows
 03/01/2024 11:44:58 Client-Info Server Version: 1.5.9
 03/01/2024 11:44:58 Middleware::Response Success
 03/01/2024 11:44:58 DisplayManager ERROR: Invalid settings provided
------------------------------------------------------------------------------

 03/01/2024 11:44:58 Service Sleeping for 123 seconds
 03/01/2024 11:47:01 Middleware::Response Success

------------------------------------------------------------------------------
----------------------------------AutoLogOut----------------------------------
------------------------------------------------------------------------------
 03/01/2024 11:47:01 Client-Info Client Version: 0.12.0
 03/01/2024 11:47:01 Client-Info Client OS:      Windows
 03/01/2024 11:47:01 Client-Info Server Version: 1.5.9
 03/01/2024 11:47:01 Middleware::Response Success
------------------------------------------------------------------------------


------------------------------------------------------------------------------
-----------------------------DefaultPrinterManager----------------------------
------------------------------------------------------------------------------
 03/01/2024 11:47:01 Client-Info Client Version: 0.12.0
 03/01/2024 11:47:01 Client-Info Client OS:      Windows
 03/01/2024 11:47:01 Client-Info Server Version: 1.5.9
 03/01/2024 11:47:01 Middleware::Response Success
------------------------------------------------------------------------------


------------------------------------------------------------------------------
--------------------------------DisplayManager--------------------------------
------------------------------------------------------------------------------
 03/01/2024 11:47:01 Client-Info Client Version: 0.12.0
 03/01/2024 11:47:01 Client-Info Client OS:      Windows
 03/01/2024 11:47:01 Client-Info Server Version: 1.5.9
 03/01/2024 11:47:01 Middleware::Response Success
 03/01/2024 11:47:01 DisplayManager ERROR: Invalid settings provided
------------------------------------------------------------------------------

 03/01/2024 11:47:01 Service Sleeping for 95 seconds
 03/01/2024 11:48:36 Middleware::Response Success

------------------------------------------------------------------------------
----------------------------------AutoLogOut----------------------------------
------------------------------------------------------------------------------
 03/01/2024 11:48:36 Client-Info Client Version: 0.12.0
 03/01/2024 11:48:36 Client-Info Client OS:      Windows
 03/01/2024 11:48:36 Client-Info Server Version: 1.5.9
 03/01/2024 11:48:36 Middleware::Response Success
------------------------------------------------------------------------------


------------------------------------------------------------------------------
-----------------------------DefaultPrinterManager----------------------------
------------------------------------------------------------------------------
 03/01/2024 11:48:37 Client-Info Client Version: 0.12.0
 03/01/2024 11:48:37 Client-Info Client OS:      Windows
 03/01/2024 11:48:37 Client-Info Server Version: 1.5.9
 03/01/2024 11:48:37 Middleware::Response Success
------------------------------------------------------------------------------


------------------------------------------------------------------------------
--------------------------------DisplayManager--------------------------------
------------------------------------------------------------------------------
 03/01/2024 11:48:37 Client-Info Client Version: 0.12.0
 03/01/2024 11:48:37 Client-Info Client OS:      Windows
 03/01/2024 11:48:37 Client-Info Server Version: 1.5.9
 03/01/2024 11:48:37 Middleware::Response Success
 03/01/2024 11:48:37 DisplayManager ERROR: Invalid settings provided
------------------------------------------------------------------------------

 03/01/2024 11:48:37 Service Sleeping for 97 seconds
 03/01/2024 11:50:14 Middleware::Response Success

------------------------------------------------------------------------------
----------------------------------AutoLogOut----------------------------------
------------------------------------------------------------------------------
 03/01/2024 11:50:14 Client-Info Client Version: 0.12.0
 03/01/2024 11:50:14 Client-Info Client OS:      Windows
 03/01/2024 11:50:14 Client-Info Server Version: 1.5.9
 03/01/2024 11:50:14 Middleware::Response Success
------------------------------------------------------------------------------


------------------------------------------------------------------------------
-----------------------------DefaultPrinterManager----------------------------
------------------------------------------------------------------------------
 03/01/2024 11:50:14 Client-Info Client Version: 0.12.0
 03/01/2024 11:50:14 Client-Info Client OS:      Windows
 03/01/2024 11:50:14 Client-Info Server Version: 1.5.9
 03/01/2024 11:50:14 Middleware::Response Success
------------------------------------------------------------------------------


------------------------------------------------------------------------------
--------------------------------DisplayManager--------------------------------
------------------------------------------------------------------------------
 03/01/2024 11:50:14 Client-Info Client Version: 0.12.0
 03/01/2024 11:50:14 Client-Info Client OS:      Windows
 03/01/2024 11:50:14 Client-Info Server Version: 1.5.9
 03/01/2024 11:50:14 Middleware::Response Success
 03/01/2024 11:50:14 DisplayManager ERROR: Invalid settings provided
------------------------------------------------------------------------------

 03/01/2024 11:50:14 Service Sleeping for 89 seconds
 03/01/2024 11:51:43 Middleware::Response Success

------------------------------------------------------------------------------
----------------------------------AutoLogOut----------------------------------
------------------------------------------------------------------------------
 03/01/2024 11:51:43 Client-Info Client Version: 0.12.0
 03/01/2024 11:51:43 Client-Info Client OS:      Windows
 03/01/2024 11:51:43 Client-Info Server Version: 1.5.9
 03/01/2024 11:51:43 Middleware::Response Success
------------------------------------------------------------------------------


------------------------------------------------------------------------------
-----------------------------DefaultPrinterManager----------------------------
------------------------------------------------------------------------------
 03/01/2024 11:51:43 Client-Info Client Version: 0.12.0
 03/01/2024 11:51:43 Client-Info Client OS:      Windows
 03/01/2024 11:51:43 Client-Info Server Version: 1.5.9
 03/01/2024 11:51:43 Middleware::Response Success
------------------------------------------------------------------------------


------------------------------------------------------------------------------
--------------------------------DisplayManager--------------------------------
------------------------------------------------------------------------------
 03/01/2024 11:51:43 Client-Info Client Version: 0.12.0
 03/01/2024 11:51:43 Client-Info Client OS:      Windows
 03/01/2024 11:51:43 Client-Info Server Version: 1.5.9
 03/01/2024 11:51:43 Middleware::Response Success
 03/01/2024 11:51:43 DisplayManager ERROR: Invalid settings provided
------------------------------------------------------------------------------

 03/01/2024 11:51:43 Service Sleeping for 141 seconds
 03/01/2024 11:54:04 Middleware::Response Success

------------------------------------------------------------------------------
----------------------------------AutoLogOut----------------------------------
------------------------------------------------------------------------------
 03/01/2024 11:54:04 Client-Info Client Version: 0.12.0
 03/01/2024 11:54:04 Client-Info Client OS:      Windows
 03/01/2024 11:54:04 Client-Info Server Version: 1.5.9
 03/01/2024 11:54:04 Middleware::Response Success
------------------------------------------------------------------------------


------------------------------------------------------------------------------
-----------------------------DefaultPrinterManager----------------------------
------------------------------------------------------------------------------
 03/01/2024 11:54:04 Client-Info Client Version: 0.12.0
 03/01/2024 11:54:04 Client-Info Client OS:      Windows
 03/01/2024 11:54:04 Client-Info Server Version: 1.5.9
 03/01/2024 11:54:04 Middleware::Response Success
------------------------------------------------------------------------------


------------------------------------------------------------------------------
--------------------------------DisplayManager--------------------------------
------------------------------------------------------------------------------
 03/01/2024 11:54:04 Client-Info Client Version: 0.12.0
 03/01/2024 11:54:04 Client-Info Client OS:      Windows
 03/01/2024 11:54:04 Client-Info Server Version: 1.5.9
 03/01/2024 11:54:04 Middleware::Response Success
 03/01/2024 11:54:04 DisplayManager ERROR: Invalid settings provided
------------------------------------------------------------------------------

 03/01/2024 11:54:04 Service Sleeping for 85 seconds
 03/01/2024 11:55:29 Middleware::Response Success

------------------------------------------------------------------------------
----------------------------------AutoLogOut----------------------------------
------------------------------------------------------------------------------
 03/01/2024 11:55:29 Client-Info Client Version: 0.12.0
 03/01/2024 11:55:29 Client-Info Client OS:      Windows
 03/01/2024 11:55:29 Client-Info Server Version: 1.5.9
 03/01/2024 11:55:29 Middleware::Response Success
------------------------------------------------------------------------------


------------------------------------------------------------------------------
-----------------------------DefaultPrinterManager----------------------------
------------------------------------------------------------------------------
 03/01/2024 11:55:29 Client-Info Client Version: 0.12.0
 03/01/2024 11:55:29 Client-Info Client OS:      Windows
 03/01/2024 11:55:29 Client-Info Server Version: 1.5.9
 03/01/2024 11:55:29 Middleware::Response Success
------------------------------------------------------------------------------


------------------------------------------------------------------------------
--------------------------------DisplayManager--------------------------------
------------------------------------------------------------------------------
 03/01/2024 11:55:29 Client-Info Client Version: 0.12.0
 03/01/2024 11:55:29 Client-Info Client OS:      Windows
 03/01/2024 11:55:29 Client-Info Server Version: 1.5.9
 03/01/2024 11:55:29 Middleware::Response Success
 03/01/2024 11:55:29 DisplayManager ERROR: Invalid settings provided
------------------------------------------------------------------------------

 03/01/2024 11:55:29 Service Sleeping for 116 seconds
 03/01/2024 11:57:25 Middleware::Response Success

------------------------------------------------------------------------------
----------------------------------AutoLogOut----------------------------------
------------------------------------------------------------------------------
 03/01/2024 11:57:25 Client-Info Client Version: 0.12.0
 03/01/2024 11:57:25 Client-Info Client OS:      Windows
 03/01/2024 11:57:25 Client-Info Server Version: 1.5.9
 03/01/2024 11:57:25 Middleware::Response Success
------------------------------------------------------------------------------


------------------------------------------------------------------------------
-----------------------------DefaultPrinterManager----------------------------
------------------------------------------------------------------------------
 03/01/2024 11:57:25 Client-Info Client Version: 0.12.0
 03/01/2024 11:57:25 Client-Info Client OS:      Windows
 03/01/2024 11:57:25 Client-Info Server Version: 1.5.9
 03/01/2024 11:57:25 Middleware::Response Success
------------------------------------------------------------------------------


------------------------------------------------------------------------------
--------------------------------DisplayManager--------------------------------
------------------------------------------------------------------------------
 03/01/2024 11:57:25 Client-Info Client Version: 0.12.0
 03/01/2024 11:57:25 Client-Info Client OS:      Windows
 03/01/2024 11:57:25 Client-Info Server Version: 1.5.9
 03/01/2024 11:57:25 Middleware::Response Success
 03/01/2024 11:57:25 DisplayManager ERROR: Invalid settings provided
------------------------------------------------------------------------------

 03/01/2024 11:57:25 Service Sleeping for 109 seconds
 03/01/2024 11:59:14 Middleware::Response Success

------------------------------------------------------------------------------
----------------------------------AutoLogOut----------------------------------
------------------------------------------------------------------------------
 03/01/2024 11:59:14 Client-Info Client Version: 0.12.0
 03/01/2024 11:59:14 Client-Info Client OS:      Windows
 03/01/2024 11:59:14 Client-Info Server Version: 1.5.9
 03/01/2024 11:59:14 Middleware::Response Success
------------------------------------------------------------------------------


------------------------------------------------------------------------------
-----------------------------DefaultPrinterManager----------------------------
------------------------------------------------------------------------------
 03/01/2024 11:59:14 Client-Info Client Version: 0.12.0
 03/01/2024 11:59:14 Client-Info Client OS:      Windows
 03/01/2024 11:59:14 Client-Info Server Version: 1.5.9
 03/01/2024 11:59:14 Middleware::Response Success
------------------------------------------------------------------------------


------------------------------------------------------------------------------
--------------------------------DisplayManager--------------------------------
------------------------------------------------------------------------------
 03/01/2024 11:59:14 Client-Info Client Version: 0.12.0
 03/01/2024 11:59:14 Client-Info Client OS:      Windows
 03/01/2024 11:59:14 Client-Info Server Version: 1.5.9
 03/01/2024 11:59:14 Middleware::Response Success
 03/01/2024 11:59:14 DisplayManager ERROR: Invalid settings provided
------------------------------------------------------------------------------

 03/01/2024 11:59:14 Service Sleeping for 80 seconds
 03/01/2024 12:00:34 Middleware::Response Success

------------------------------------------------------------------------------
----------------------------------AutoLogOut----------------------------------
------------------------------------------------------------------------------
 03/01/2024 12:00:34 Client-Info Client Version: 0.12.0
 03/01/2024 12:00:34 Client-Info Client OS:      Windows
 03/01/2024 12:00:34 Client-Info Server Version: 1.5.9
 03/01/2024 12:00:34 Middleware::Response Success
------------------------------------------------------------------------------


------------------------------------------------------------------------------
-----------------------------DefaultPrinterManager----------------------------
------------------------------------------------------------------------------
 03/01/2024 12:00:34 Client-Info Client Version: 0.12.0
 03/01/2024 12:00:34 Client-Info Client OS:      Windows
 03/01/2024 12:00:34 Client-Info Server Version: 1.5.9
 03/01/2024 12:00:34 Middleware::Response Success
------------------------------------------------------------------------------


------------------------------------------------------------------------------
--------------------------------DisplayManager--------------------------------
------------------------------------------------------------------------------
 03/01/2024 12:00:34 Client-Info Client Version: 0.12.0
 03/01/2024 12:00:34 Client-Info Client OS:      Windows
 03/01/2024 12:00:34 Client-Info Server Version: 1.5.9
 03/01/2024 12:00:34 Middleware::Response Success
 03/01/2024 12:00:34 DisplayManager ERROR: Invalid settings provided
------------------------------------------------------------------------------

 03/01/2024 12:00:34 Service Sleeping for 136 seconds
 03/01/2024 12:02:50 Middleware::Response Success

------------------------------------------------------------------------------
----------------------------------AutoLogOut----------------------------------
------------------------------------------------------------------------------
 03/01/2024 12:02:50 Client-Info Client Version: 0.12.0
 03/01/2024 12:02:50 Client-Info Client OS:      Windows
 03/01/2024 12:02:50 Client-Info Server Version: 1.5.9
 03/01/2024 12:02:50 Middleware::Response Success
------------------------------------------------------------------------------


------------------------------------------------------------------------------
-----------------------------DefaultPrinterManager----------------------------
------------------------------------------------------------------------------
 03/01/2024 12:02:50 Client-Info Client Version: 0.12.0
 03/01/2024 12:02:50 Client-Info Client OS:      Windows
 03/01/2024 12:02:50 Client-Info Server Version: 1.5.9
 03/01/2024 12:02:50 Middleware::Response Success
------------------------------------------------------------------------------


------------------------------------------------------------------------------
--------------------------------DisplayManager--------------------------------
------------------------------------------------------------------------------
 03/01/2024 12:02:50 Client-Info Client Version: 0.12.0
 03/01/2024 12:02:50 Client-Info Client OS:      Windows
 03/01/2024 12:02:50 Client-Info Server Version: 1.5.9
 03/01/2024 12:02:50 Middleware::Response Success
 03/01/2024 12:02:50 DisplayManager ERROR: Invalid settings provided
------------------------------------------------------------------------------

 03/01/2024 12:02:50 Service Sleeping for 93 seconds
 03/01/2024 12:04:23 Middleware::Response Success

------------------------------------------------------------------------------
----------------------------------AutoLogOut----------------------------------
------------------------------------------------------------------------------
 03/01/2024 12:04:23 Client-Info Client Version: 0.12.0
 03/01/2024 12:04:23 Client-Info Client OS:      Windows
 03/01/2024 12:04:23 Client-Info Server Version: 1.5.9
 03/01/2024 12:04:23 Middleware::Response Success
------------------------------------------------------------------------------


------------------------------------------------------------------------------
-----------------------------DefaultPrinterManager----------------------------
------------------------------------------------------------------------------
 03/01/2024 12:04:23 Client-Info Client Version: 0.12.0
 03/01/2024 12:04:23 Client-Info Client OS:      Windows
 03/01/2024 12:04:23 Client-Info Server Version: 1.5.9
 03/01/2024 12:04:23 Middleware::Response Success
------------------------------------------------------------------------------


------------------------------------------------------------------------------
--------------------------------DisplayManager--------------------------------
------------------------------------------------------------------------------
 03/01/2024 12:04:23 Client-Info Client Version: 0.12.0
 03/01/2024 12:04:23 Client-Info Client OS:      Windows
 03/01/2024 12:04:23 Client-Info Server Version: 1.5.9
 03/01/2024 12:04:23 Middleware::Response Success
 03/01/2024 12:04:23 DisplayManager ERROR: Invalid settings provided
------------------------------------------------------------------------------

 03/01/2024 12:04:23 Service Sleeping for 68 seconds
 03/01/2024 12:05:31 Middleware::Response Success

------------------------------------------------------------------------------
----------------------------------AutoLogOut----------------------------------
------------------------------------------------------------------------------
 03/01/2024 12:05:31 Client-Info Client Version: 0.12.0
 03/01/2024 12:05:31 Client-Info Client OS:      Windows
 03/01/2024 12:05:31 Client-Info Server Version: 1.5.9
 03/01/2024 12:05:31 Middleware::Response Success
------------------------------------------------------------------------------


------------------------------------------------------------------------------
-----------------------------DefaultPrinterManager----------------------------
------------------------------------------------------------------------------
 03/01/2024 12:05:31 Client-Info Client Version: 0.12.0
 03/01/2024 12:05:31 Client-Info Client OS:      Windows
 03/01/2024 12:05:31 Client-Info Server Version: 1.5.9
 03/01/2024 12:05:31 Middleware::Response Success
------------------------------------------------------------------------------


------------------------------------------------------------------------------
--------------------------------DisplayManager--------------------------------
------------------------------------------------------------------------------
 03/01/2024 12:05:31 Client-Info Client Version: 0.12.0
 03/01/2024 12:05:31 Client-Info Client OS:      Windows
 03/01/2024 12:05:31 Client-Info Server Version: 1.5.9
 03/01/2024 12:05:31 Middleware::Response Success
 03/01/2024 12:05:31 DisplayManager ERROR: Invalid settings provided
------------------------------------------------------------------------------

 03/01/2024 12:05:31 Service Sleeping for 139 seconds
 03/01/2024 12:07:50 Middleware::Response Success

------------------------------------------------------------------------------
----------------------------------AutoLogOut----------------------------------
------------------------------------------------------------------------------
 03/01/2024 12:07:50 Client-Info Client Version: 0.12.0
 03/01/2024 12:07:50 Client-Info Client OS:      Windows
 03/01/2024 12:07:50 Client-Info Server Version: 1.5.9
 03/01/2024 12:07:50 Middleware::Response Success
------------------------------------------------------------------------------


------------------------------------------------------------------------------
-----------------------------DefaultPrinterManager----------------------------
------------------------------------------------------------------------------
 03/01/2024 12:07:50 Client-Info Client Version: 0.12.0
 03/01/2024 12:07:50 Client-Info Client OS:      Windows
 03/01/2024 12:07:50 Client-Info Server Version: 1.5.9
 03/01/2024 12:07:50 Middleware::Response Success
------------------------------------------------------------------------------


------------------------------------------------------------------------------
--------------------------------DisplayManager--------------------------------
------------------------------------------------------------------------------
 03/01/2024 12:07:50 Client-Info Client Version: 0.12.0
 03/01/2024 12:07:50 Client-Info Client OS:      Windows
 03/01/2024 12:07:50 Client-Info Server Version: 1.5.9
 03/01/2024 12:07:50 Middleware::Response Success
 03/01/2024 12:07:50 DisplayManager ERROR: Invalid settings provided
------------------------------------------------------------------------------

 03/01/2024 12:07:50 Service Sleeping for 89 seconds
 03/01/2024 12:09:19 Middleware::Response Success

------------------------------------------------------------------------------
----------------------------------AutoLogOut----------------------------------
------------------------------------------------------------------------------
 03/01/2024 12:09:19 Client-Info Client Version: 0.12.0
 03/01/2024 12:09:19 Client-Info Client OS:      Windows
 03/01/2024 12:09:19 Client-Info Server Version: 1.5.9
 03/01/2024 12:09:19 Middleware::Response Success
------------------------------------------------------------------------------


------------------------------------------------------------------------------
-----------------------------DefaultPrinterManager----------------------------
------------------------------------------------------------------------------
 03/01/2024 12:09:19 Client-Info Client Version: 0.12.0
 03/01/2024 12:09:19 Client-Info Client OS:      Windows
 03/01/2024 12:09:19 Client-Info Server Version: 1.5.9
 03/01/2024 12:09:19 Middleware::Response Success
------------------------------------------------------------------------------


------------------------------------------------------------------------------
--------------------------------DisplayManager--------------------------------
------------------------------------------------------------------------------
 03/01/2024 12:09:19 Client-Info Client Version: 0.12.0
 03/01/2024 12:09:19 Client-Info Client OS:      Windows
 03/01/2024 12:09:19 Client-Info Server Version: 1.5.9
 03/01/2024 12:09:19 Middleware::Response Success
 03/01/2024 12:09:19 DisplayManager ERROR: Invalid settings provided
------------------------------------------------------------------------------

 03/01/2024 12:09:19 Service Sleeping for 92 seconds
 03/01/2024 12:10:51 Middleware::Response Success

------------------------------------------------------------------------------
----------------------------------AutoLogOut----------------------------------
------------------------------------------------------------------------------
 03/01/2024 12:10:51 Client-Info Client Version: 0.12.0
 03/01/2024 12:10:51 Client-Info Client OS:      Windows
 03/01/2024 12:10:51 Client-Info Server Version: 1.5.9
 03/01/2024 12:10:51 Middleware::Response Success
------------------------------------------------------------------------------


------------------------------------------------------------------------------
-----------------------------DefaultPrinterManager----------------------------
------------------------------------------------------------------------------
 03/01/2024 12:10:51 Client-Info Client Version: 0.12.0
 03/01/2024 12:10:51 Client-Info Client OS:      Windows
 03/01/2024 12:10:51 Client-Info Server Version: 1.5.9
 03/01/2024 12:10:51 Middleware::Response Success
------------------------------------------------------------------------------


------------------------------------------------------------------------------
--------------------------------DisplayManager--------------------------------
------------------------------------------------------------------------------
 03/01/2024 12:10:51 Client-Info Client Version: 0.12.0
 03/01/2024 12:10:51 Client-Info Client OS:      Windows
 03/01/2024 12:10:51 Client-Info Server Version: 1.5.9
 03/01/2024 12:10:51 Middleware::Response Success
 03/01/2024 12:10:51 DisplayManager ERROR: Invalid settings provided
------------------------------------------------------------------------------

 03/01/2024 12:10:51 Service Sleeping for 120 seconds
